\BOOKMARK [1][-]{section.1}{\376\377\000I\000N\000T\000R\000O\000D\000U\000C\000C\000I\000\323\000N}{}% 1
\BOOKMARK [1][-]{section.2}{\376\377\000P\000L\000A\000N\000T\000E\000A\000M\000I\000E\000N\000T\000O\000\040\000D\000E\000L\000\040\000P\000R\000O\000B\000L\000E\000M\000A}{}% 2
\BOOKMARK [1][-]{section.3}{\376\377\000J\000U\000S\000T\000I\000F\000I\000C\000A\000C\000I\000\323\000N}{}% 3
\BOOKMARK [1][-]{section.4}{\376\377\000O\000B\000J\000E\000T\000I\000V\000O\000S}{}% 4
\BOOKMARK [2][-]{subsection.4.1}{\376\377\000O\000b\000j\000e\000t\000i\000v\000o\000\040\000g\000e\000n\000e\000r\000a\000l}{section.4}% 5
\BOOKMARK [2][-]{subsection.4.2}{\376\377\000O\000b\000j\000e\000t\000i\000v\000o\000s\000\040\000e\000s\000p\000e\000c\000\355\000f\000i\000c\000o\000s}{section.4}% 6
\BOOKMARK [1][-]{section.5}{\376\377\000M\000A\000R\000C\000O\000\040\000R\000E\000F\000E\000R\000E\000N\000C\000I\000A\000L}{}% 7
\BOOKMARK [2][-]{subsection.5.1}{\376\377\000A\000n\000t\000e\000c\000e\000d\000e\000n\000t\000e\000s}{section.5}% 8
\BOOKMARK [2][-]{subsection.5.2}{\376\377\000M\000a\000r\000c\000o\000\040\000t\000e\000\363\000r\000i\000c\000o}{section.5}% 9
\BOOKMARK [3][-]{subsubsection.5.2.1}{\376\377\000D\000a\000s\000h\000b\000o\000a\000r\000d\000s\000\040\000p\000a\000r\000a\000\040\000l\000a\000\040\000t\000o\000m\000a\000\040\000d\000e\000\040\000d\000e\000c\000i\000s\000i\000o\000n\000e\000s}{subsection.5.2}% 10
\BOOKMARK [3][-]{subsubsection.5.2.2}{\376\377\000G\000e\000n\000e\000r\000a\000c\000i\000\363\000n\000\040\000d\000e\000\040\000r\000e\000p\000o\000r\000t\000e\000s}{subsection.5.2}% 11
\BOOKMARK [2][-]{subsection.5.3}{\376\377\000M\000a\000r\000c\000o\000\040\000c\000o\000n\000c\000e\000p\000t\000u\000a\000l}{section.5}% 12
\BOOKMARK [3][-]{subsubsection.5.3.1}{\376\377\000S\000t\000a\000k\000e\000h\000o\000l\000d\000e\000r\000s\000:}{subsection.5.3}% 13
\BOOKMARK [3][-]{subsubsection.5.3.2}{\376\377\000M\000o\000d\000u\000l\000o\000\040\000d\000e\000\040\000e\000s\000t\000a\000d\000\355\000s\000t\000i\000c\000a\000:\000\040}{subsection.5.3}% 14
\BOOKMARK [3][-]{subsubsection.5.3.3}{\376\377\000L\000i\000b\000r\000o\000s\000\040\000u\000s\000a\000d\000o\000s\000\040\000e\000n\000\040\000s\000a\000l\000a\000:\000\040}{subsection.5.3}% 15
\BOOKMARK [3][-]{subsubsection.5.3.4}{\376\377\000L\000i\000b\000r\000o\000s\000\040\000p\000r\000e\000s\000t\000a\000d\000o\000s\000:\000\040}{subsection.5.3}% 16
\BOOKMARK [3][-]{subsubsection.5.3.5}{\376\377\000A\000l\000e\000j\000a\000n\000d\000r\000\355\000a\000:\000\040}{subsection.5.3}% 17
\BOOKMARK [3][-]{subsubsection.5.3.6}{\376\377\000E\000j\000e\000m\000p\000l\000a\000r\000e\000s\000\040\000d\000e\000\040\000l\000i\000b\000r\000o\000s\000:\000\040}{subsection.5.3}% 18
\BOOKMARK [3][-]{subsubsection.5.3.7}{\376\377\000D\000e\000c\000i\000m\000a\000l\000\040\000D\000e\000w\000e\000y\000\040\000C\000l\000a\000s\000s\000i\000f\000i\000c\000a\000t\000i\000o\000n\000\040\000\050\000D\000D\000C\000\051\000:}{subsection.5.3}% 19
\BOOKMARK [3][-]{subsubsection.5.3.8}{\376\377\000D\000a\000s\000h\000b\000o\000a\000r\000d\000:\000\040}{subsection.5.3}% 20
\BOOKMARK [3][-]{subsubsection.5.3.9}{\376\377\000R\000e\000p\000o\000r\000t\000e\000s\000:\000\040}{subsection.5.3}% 21
\BOOKMARK [3][-]{subsubsection.5.3.10}{\376\377\000K\000P\000I\000\040\000\050\000K\000e\000y\000\040\000P\000e\000r\000f\000o\000r\000m\000a\000n\000c\000e\000\040\000I\000n\000d\000i\000c\000a\000t\000o\000r\000s\000\051}{subsection.5.3}% 22
\BOOKMARK [3][-]{subsubsection.5.3.11}{\376\377\000U\000M\000U\000X}{subsection.5.3}% 23
\BOOKMARK [3][-]{subsubsection.5.3.12}{\376\377\000P\000r\000u\000e\000b\000a\000s\000\040\000d\000e\000\040\000s\000o\000f\000t\000w\000a\000r\000e\000:\000\040}{subsection.5.3}% 24
\BOOKMARK [3][-]{subsubsection.5.3.13}{\376\377\000G\000r\000\341\000f\000i\000c\000o\000\040\000d\000e\000\040\000b\000a\000r\000r\000a\000s\000:\000\040}{subsection.5.3}% 25
\BOOKMARK [3][-]{subsubsection.5.3.14}{\376\377\000E\000x\000t\000e\000n\000s\000i\000\363\000n\000\040\000X\000L\000S\000X\000:\000\040}{subsection.5.3}% 26
\BOOKMARK [3][-]{subsubsection.5.3.15}{\376\377\000B\000a\000s\000e\000s\000\040\000d\000e\000\040\000d\000a\000t\000o\000s\000\040\000r\000e\000l\000a\000c\000i\000o\000n\000a\000l\000:\000\040}{subsection.5.3}% 27
\BOOKMARK [3][-]{subsubsection.5.3.16}{\376\377\000C\000o\000n\000t\000e\000n\000e\000d\000o\000r\000e\000s}{subsection.5.3}% 28
\BOOKMARK [3][-]{subsubsection.5.3.17}{\376\377\000B\000a\000c\000k\000e\000n\000d}{subsection.5.3}% 29
\BOOKMARK [3][-]{subsubsection.5.3.18}{\376\377\000I\000S\000O\000:\000\040}{subsection.5.3}% 30
\BOOKMARK [3][-]{subsubsection.5.3.19}{\376\377\000F\000i\000l\000t\000r\000o\000\040\000e\000n\000\040\000g\000e\000n\000e\000r\000a\000c\000i\000\363\000n\000\040\000d\000e\000\040\000r\000e\000p\000o\000r\000t\000e\000s}{subsection.5.3}% 31
\BOOKMARK [2][-]{subsection.5.4}{\376\377\000M\000a\000r\000c\000o\000\040\000t\000e\000c\000n\000o\000l\000\363\000g\000i\000c\000o}{section.5}% 32
\BOOKMARK [3][-]{subsubsection.5.4.1}{\376\377\000T\000y\000p\000e\000S\000c\000r\000i\000p\000t\000:}{subsection.5.4}% 33
\BOOKMARK [3][-]{subsubsection.5.4.2}{\376\377\000N\000o\000d\000e\000.\000j\000s\000:}{subsection.5.4}% 34
\BOOKMARK [3][-]{subsubsection.5.4.3}{\376\377\000E\000x\000p\000r\000e\000s\000s\000:}{subsection.5.4}% 35
\BOOKMARK [3][-]{subsubsection.5.4.4}{\376\377\000P\000a\000t\000r\000\363\000n\000\040\000S\000i\000n\000g\000l\000e\000t\000o\000n\000:}{subsection.5.4}% 36
\BOOKMARK [3][-]{subsubsection.5.4.5}{\376\377\000P\000a\000t\000r\000\363\000n\000\040\000A\000b\000s\000t\000r\000a\000c\000t\000\040\000F\000a\000c\000t\000o\000r\000y\000:}{subsection.5.4}% 37
\BOOKMARK [2][-]{subsection.5.5}{\376\377\000M\000a\000r\000c\000o\000\040\000i\000n\000s\000t\000i\000t\000u\000c\000i\000o\000n\000a\000l}{section.5}% 38
\BOOKMARK [1][-]{section.6}{\376\377\000M\000E\000T\000O\000D\000O\000L\000O\000G\000\315\000A}{}% 39
\BOOKMARK [2][-]{subsection.6.1}{\376\377\000F\000a\000s\000e\000\040\0001\000:\000\040\000P\000l\000a\000n\000i\000f\000i\000c\000a\000c\000i\000\363\000n}{section.6}% 40
\BOOKMARK [2][-]{subsection.6.2}{\376\377\000F\000a\000s\000e\000\040\0002\000:\000\040\000D\000i\000s\000e\000\361\000o}{section.6}% 41
\BOOKMARK [2][-]{subsection.6.3}{\376\377\000F\000a\000s\000e\000\040\0003\000:\000\040\000D\000e\000s\000a\000r\000r\000o\000l\000l\000o}{section.6}% 42
\BOOKMARK [2][-]{subsection.6.4}{\376\377\000F\000a\000s\000e\000\040\0004\000:\000\040\000P\000r\000u\000e\000b\000a\000s\000\040\000d\000e\000l\000\040\000S\000o\000f\000t\000w\000a\000r\000e}{section.6}% 43
\BOOKMARK [2][-]{subsection.6.5}{\376\377\000F\000a\000s\000e\000\040\0005\000:\000\040\000I\000n\000t\000e\000g\000r\000a\000c\000i\000\363\000n\000\040\000y\000\040\000D\000e\000s\000p\000l\000i\000e\000g\000u\000e\000\040\000e\000n\000\040\000P\000r\000o\000d\000u\000c\000c\000i\000\363\000n}{section.6}% 44
\BOOKMARK [2][-]{subsection.6.6}{\376\377\000I\000n\000t\000e\000g\000r\000a\000c\000i\000\363\000n\000\040\000d\000e\000l\000\040\000M\000a\000r\000c\000o\000\040\000d\000e\000\040\000T\000r\000a\000b\000a\000j\000o\000\040\000S\000c\000r\000u\000m}{section.6}% 45
\BOOKMARK [2][-]{subsection.6.7}{\376\377\000A\000d\000a\000p\000t\000a\000c\000i\000\363\000n\000\040\000d\000e\000\040\000l\000a\000\040\000m\000e\000t\000o\000d\000o\000l\000o\000g\000\355\000a\000\040\000H\000a\000r\000i\000y\000a\000n\000t\000i\000\040\000p\000a\000r\000a\000\040\000e\000l\000\040\000d\000e\000s\000a\000r\000r\000o\000l\000l\000o\000\040\000d\000e\000\040\000d\000a\000s\000h\000b\000o\000a\000r\000d\000s}{section.6}% 46
\BOOKMARK [1][-]{section.7}{\376\377\000C\000R\000O\000N\000O\000G\000R\000A\000M\000A\000\040\000D\000E\000\040\000A\000C\000T\000I\000V\000I\000D\000A\000D\000E\000S}{}% 47
\BOOKMARK [1][-]{section.8}{\376\377\000P\000R\000E\000S\000U\000P\000U\000E\000S\000T\000O}{}% 48
\BOOKMARK [1][-]{section.9}{\376\377\000R\000E\000S\000U\000L\000T\000A\000D\000O\000S}{}% 49
\BOOKMARK [2][-]{subsection.9.1}{\376\377\000P\000r\000i\000m\000e\000r\000a\000\040\000f\000a\000s\000e\000:\000\040\000I\000d\000e\000n\000t\000i\000f\000i\000c\000a\000c\000i\000\363\000n\000\040\000d\000e\000\040\000n\000e\000c\000e\000s\000i\000d\000a\000d\000e\000s}{section.9}% 50
\BOOKMARK [3][-]{subsubsection.9.1.1}{\376\377\000I\000d\000e\000n\000t\000i\000f\000i\000c\000a\000r\000\040\000e\000l\000\040\000o\000b\000j\000e\000t\000i\000v\000o\000\040\000d\000e\000\040\000l\000a\000\040\000b\000i\000b\000l\000i\000o\000t\000e\000c\000a\000\040\000y\000\040\000l\000a\000\040\000c\000o\000n\000d\000i\000c\000i\000\363\000n\000\040\000a\000c\000t\000u\000a\000l\000:}{subsection.9.1}% 51
\BOOKMARK [3][-]{subsubsection.9.1.2}{\376\377\000I\000d\000e\000n\000t\000i\000f\000i\000c\000a\000r\000\040\000p\000o\000s\000i\000b\000l\000e\000s\000\040\000s\000t\000a\000k\000e\000h\000o\000l\000d\000e\000r\000s\000\040\000y\000\040\000s\000u\000s\000\040\000n\000e\000c\000e\000s\000i\000d\000a\000d\000e\000s\000:\000\040}{subsection.9.1}% 52
\BOOKMARK [3][-]{subsubsection.9.1.3}{\376\377\000I\000d\000e\000n\000t\000i\000f\000i\000c\000a\000c\000i\000\363\000n\000\040\000d\000e\000\040\000p\000o\000s\000i\000b\000l\000e\000s\000\040\000f\000u\000n\000c\000i\000o\000n\000a\000l\000i\000d\000a\000d\000e\000s\000\040\000d\000e\000l\000\040\000d\000a\000s\000h\000b\000o\000a\000r\000d\000:\000\040}{subsection.9.1}% 53
\BOOKMARK [3][-]{subsubsection.9.1.4}{\376\377\000I\000d\000e\000n\000t\000i\000f\000i\000c\000a\000c\000i\000\363\000n\000\040\000d\000e\000\040\000p\000o\000s\000i\000b\000l\000e\000s\000\040\000K\000P\000I\000s\000:\000\040}{subsection.9.1}% 54
\BOOKMARK [2][-]{subsection.9.2}{\376\377\000S\000e\000g\000u\000n\000d\000a\000\040\000f\000a\000s\000e\000:\000\040\000P\000l\000a\000n\000e\000a\000c\000i\000\363\000n}{section.9}% 55
\BOOKMARK [3][-]{subsubsection.9.2.1}{\376\377\000D\000e\000t\000e\000r\000m\000i\000n\000a\000r\000\040\000m\000\363\000d\000u\000l\000o\000s\000\040\000d\000e\000l\000\040\000s\000i\000s\000t\000e\000m\000a\000:\000\040}{subsection.9.2}% 56
\BOOKMARK [3][-]{subsubsection.9.2.2}{\376\377\000A\000n\000\341\000l\000i\000s\000i\000s\000\040\000d\000e\000\040\000l\000a\000\040\000b\000a\000s\000e\000\040\000d\000e\000\040\000d\000a\000t\000o\000s\000\040\000d\000e\000\040\000l\000a\000\040\000b\000i\000b\000l\000i\000o\000t\000e\000c\000a\000:\000\040}{subsection.9.2}% 57
\BOOKMARK [2][-]{subsection.9.3}{\376\377\000D\000i\000s\000e\000\361\000o\000\040\000d\000e\000\040\000l\000a\000s\000\040\000f\000u\000n\000c\000i\000o\000n\000a\000l\000i\000d\000a\000d\000e\000s\000\040\000b\000\341\000s\000i\000c\000a\000s\000\040\000d\000e\000l\000\040\000s\000i\000s\000t\000e\000m\000a\000\040}{section.9}% 58
\BOOKMARK [3][-]{subsubsection.9.3.1}{\376\377\000C\000a\000n\000t\000i\000d\000a\000d\000\040\000d\000e\000\040\000l\000i\000b\000r\000o\000s\000\040\000p\000o\000r\000\040\000e\000s\000t\000a\000d\000o\000\040\000y\000\040\000t\000o\000t\000a\000l\000:\000\040}{subsection.9.3}% 59
\BOOKMARK [3][-]{subsubsection.9.3.2}{\376\377\000C\000o\000m\000p\000a\000r\000a\000c\000i\000\363\000n\000\040\000d\000e\000\040\000l\000i\000b\000r\000o\000s\000\040\000p\000o\000r\000\040\000f\000a\000c\000u\000l\000t\000a\000d\000:}{subsection.9.3}% 60
\BOOKMARK [3][-]{subsubsection.9.3.3}{\376\377\000C\000o\000m\000p\000a\000r\000a\000c\000i\000\363\000n\000\040\000d\000e\000\040\000g\000r\000u\000p\000o\000s\000\040\000l\000i\000t\000e\000r\000a\000r\000i\000o\000s\000:\000\040}{subsection.9.3}% 61
\BOOKMARK [3][-]{subsubsection.9.3.4}{\376\377\000C\000o\000m\000p\000a\000r\000a\000c\000i\000\363\000n\000\040\000d\000e\000\040\000p\000r\000\351\000s\000t\000a\000m\000o\000s\000\040\000p\000o\000r\000\040\000f\000a\000c\000u\000l\000t\000a\000d\000:}{subsection.9.3}% 62
\BOOKMARK [3][-]{subsubsection.9.3.5}{\376\377\000C\000o\000m\000p\000a\000r\000a\000c\000i\000\363\000n\000\040\000d\000e\000\040\000p\000r\000\351\000s\000t\000a\000m\000o\000s\000\040\000p\000o\000r\000\040\000t\000i\000p\000o\000\040\000d\000e\000\040\000u\000s\000u\000a\000r\000i\000o\000:}{subsection.9.3}% 63
\BOOKMARK [3][-]{subsubsection.9.3.6}{\376\377\000C\000o\000m\000p\000a\000r\000a\000c\000i\000\363\000n\000\040\000d\000e\000\040\000l\000i\000b\000r\000o\000s\000\040\000p\000r\000e\000s\000t\000a\000d\000o\000s\000\040\000p\000o\000r\000\040\000f\000a\000c\000u\000l\000t\000a\000d\000:\000\040}{subsection.9.3}% 64
\BOOKMARK [3][-]{subsubsection.9.3.7}{\376\377\000C\000o\000m\000p\000a\000r\000a\000c\000i\000\363\000n\000\040\000d\000e\000\040\000l\000i\000b\000r\000o\000s\000\040\000p\000o\000r\000\040\000u\000s\000o\000\040\000e\000n\000\040\000s\000a\000l\000a\000:\000\040}{subsection.9.3}% 65
\BOOKMARK [3][-]{subsubsection.9.3.8}{\376\377\000C\000o\000m\000p\000a\000r\000a\000c\000i\000\363\000n\000\040\000d\000e\000\040\000p\000r\000\351\000s\000t\000a\000m\000o\000s\000\040\000p\000o\000r\000\040\000e\000s\000t\000u\000d\000i\000a\000n\000t\000e\000s\000:\000\040}{subsection.9.3}% 66
\BOOKMARK [3][-]{subsubsection.9.3.9}{\376\377\000L\000i\000b\000r\000o\000s\000\040\000q\000u\000e\000\040\000n\000o\000\040\000h\000a\000n\000\040\000s\000i\000d\000o\000\040\000u\000s\000a\000d\000o\000\040\000e\000n\000\040\000a\000\361\000o\000s\000:\000\040}{subsection.9.3}% 67
\BOOKMARK [3][-]{subsubsection.9.3.10}{\376\377\000L\000i\000b\000r\000o\000s\000\040\000s\000e\000g\000\372\000n\000\040\000s\000u\000\040\000e\000s\000t\000a\000d\000o\000:\000\040}{subsection.9.3}% 68
\BOOKMARK [3][-]{subsubsection.9.3.11}{\376\377\000P\000r\000\351\000s\000t\000a\000m\000o\000s\000\040\000p\000o\000r\000\040\000t\000i\000p\000o\000\040\000d\000e\000\040\000u\000s\000u\000a\000r\000i\000o\000:}{subsection.9.3}% 69
\BOOKMARK [2][-]{subsection.9.4}{\376\377\000D\000i\000s\000e\000\361\000o\000\040\000d\000e\000l\000\040\000p\000r\000o\000t\000o\000t\000i\000p\000o}{section.9}% 70
\BOOKMARK [3][-]{subsubsection.9.4.1}{\376\377\000P\000l\000a\000n\000t\000e\000a\000m\000i\000e\000n\000t\000o\000\040\000d\000e\000\040\000h\000i\000s\000t\000o\000r\000i\000a\000s\000\040\000d\000e\000\040\000u\000s\000u\000a\000r\000i\000o\000:\000\040}{subsection.9.4}% 71
\BOOKMARK [3][-]{subsubsection.9.4.2}{\376\377\000P\000l\000a\000n\000t\000e\000a\000m\000i\000e\000n\000t\000o\000\040\000d\000e\000\040\000r\000e\000q\000u\000e\000r\000i\000m\000i\000e\000n\000t\000o\000s\000\040\000d\000e\000l\000\040\000s\000i\000s\000t\000e\000m\000a\000:\000\040}{subsection.9.4}% 72
\BOOKMARK [3][-]{subsubsection.9.4.3}{\376\377\000D\000i\000s\000e\000\361\000o\000\040\000i\000n\000i\000c\000i\000a\000l\000\040\000U\000X\000\040\000d\000e\000l\000\040\000s\000i\000s\000t\000e\000m\000a\000:\000\040}{subsection.9.4}% 73
\BOOKMARK [2][-]{subsection.9.5}{\376\377\000D\000e\000s\000a\000r\000r\000o\000l\000l\000o\000\040\000d\000e\000l\000\040\000p\000r\000o\000t\000o\000t\000i\000p\000o\000\040\000e\000\040\000i\000m\000p\000l\000e\000m\000e\000n\000t\000a\000c\000i\000\363\000n}{section.9}% 74
\BOOKMARK [3][-]{subsubsection.9.5.1}{\376\377\000P\000r\000i\000m\000e\000r\000\040\000S\000p\000r\000i\000n\000t\000:\000\040}{subsection.9.5}% 75
\BOOKMARK [3][-]{subsubsection.9.5.2}{\376\377\000S\000e\000g\000u\000n\000d\000o\000\040\000S\000p\000r\000i\000n\000t\000:\000\040}{subsection.9.5}% 76
\BOOKMARK [3][-]{subsubsection.9.5.3}{\376\377\000T\000e\000r\000c\000e\000r\000\040\000S\000p\000r\000i\000n\000t\000:\000\040}{subsection.9.5}% 77
\BOOKMARK [3][-]{subsubsection.9.5.4}{\376\377\000I\000m\000p\000l\000e\000m\000e\000n\000t\000a\000c\000i\000\363\000n}{subsection.9.5}% 78
\BOOKMARK [1][-]{section.10}{\376\377\000C\000O\000N\000C\000L\000U\000S\000I\000O\000N\000E\000S}{}% 79
\BOOKMARK [1][-]{section.11}{\376\377\000R\000E\000C\000O\000M\000E\000N\000D\000A\000C\000I\000O\000N\000E\000S}{}% 80
\BOOKMARK [1][-]{section.11}{\376\377\000R\000E\000F\000E\000R\000E\000N\000C\000I\000A\000S}{}% 81
\BOOKMARK [1][-]{section.11}{\376\377\000A\000P\000\311\000N\000D\000I\000C\000E\000S}{}% 82
